<?xml version="1.0" encoding="UTF-8"?>
<!-- Generated by org.testng.reporters.JUnitReportReporter -->
<testsuite hostname="LAPTOP-A0510HNN" failures="0" tests="1" name="driverFactory.AppTest" time="22.079" errors="0" timestamp="2024-02-26T11:45:19 IST" skipped="0">
  <testcase classname="driverFactory.AppTest" name="kickStart" time="22.079">
    <system-out>
      <![CDATA[Stock-000000740   Stock-000000740]]>
    </system-out>
  </testcase> <!-- kickStart -->
  <system-out>
    <![CDATA[Stock-000000740   Stock-000000740]]>
  </system-out>
</testsuite> <!-- driverFactory.AppTest -->
